[0mGET / [32m200[0m 16.193 ms - 2092[0m
[0mGET /css/home.css [33m404[0m 4.204 ms - 151[0m
[0mGET /users/sign-in [36m304[0m 5.729 ms - -[0m
[0mGET /users/sign-up [32m200[0m 4.115 ms - 2503[0m
[0mPOST /users/create [36m302[0m 91.660 ms - 72[0m
[0mGET /users/sign-in [32m200[0m 2.278 ms - 2643[0m
[0mGET /users/sign-in [32m200[0m 3.137 ms - 2406[0m
[0mPOST /users/create-session [36m302[0m 71.082 ms - 46[0m
[0mGET / [32m200[0m 3.757 ms - 2371[0m
[0mGET /css/home.css [33m404[0m 3.452 ms - 151[0m
[0mGET /users/sign-out [36m302[0m 4.283 ms - 46[0m
[0mGET / [32m200[0m 2.742 ms - 2333[0m
[0mGET /css/home.css [33m404[0m 2.551 ms - 151[0m
[0mGET / [32m200[0m 13.139 ms - 2069[0m
[0mGET /css/home.css [33m404[0m 3.937 ms - 151[0m
[0mGET /users/sign-in [36m304[0m 4.671 ms - -[0m
[0mPOST /users/create-session [36m302[0m 75.821 ms - 46[0m
[0mGET / [32m200[0m 4.461 ms - 2353[0m
[0mGET /css/home.css [33m404[0m 2.912 ms - 151[0m
[0mGET / [32m200[0m 4.992 ms - 2061[0m
[0mGET /css/home.css [33m404[0m 3.196 ms - 151[0m
[0mGET /users/sign-out [36m302[0m 3.483 ms - 46[0m
[0mGET / [32m200[0m 2.805 ms - 2552[0m
[0mGET /css/home.css [33m404[0m 1.975 ms - 151[0m
[0mGET / [32m200[0m 15.371 ms - 2445[0m
[0mGET /css/home.css [33m404[0m 5.188 ms - 151[0m
[0mGET /css/home.css [33m404[0m 2.055 ms - 151[0m
[0mGET / [32m200[0m 5.105 ms - 2442[0m
[0mGET /css/home.css [33m404[0m 2.320 ms - 151[0m
[0mGET /users/sign-in [36m304[0m 3.519 ms - -[0m
[0mPOST /users/create-session [36m302[0m 75.757 ms - 46[0m
[0mGET / [32m200[0m 4.111 ms - 2424[0m
[0mGET /css/home.css [33m404[0m 3.351 ms - 151[0m
[0mGET / [32m200[0m 11.605 ms - 3505[0m
[0mGET /css/home.css [33m404[0m 31.777 ms - 151[0m
[0mGET /favicon.ico [33m404[0m 2.174 ms - 150[0m
[0mGET /users/sign-in [32m200[0m 4.543 ms - 3469[0m
[0mPOST /users/create-session [36m302[0m 73.359 ms - 46[0m
[0mGET / [32m200[0m 4.877 ms - 3486[0m
[0mGET /css/home.css [33m404[0m 3.964 ms - 151[0m
[0mGET /habits/dashboard [32m200[0m 12.670 ms - 3814[0m
[0mPOST /habits/create [36m302[0m 16.309 ms - 120[0m
[0mGET /habits/dashboard [32m200[0m 10.523 ms - 6416[0m
[0mGET /habits/update/62185e9ea46e1326ec491b3e/0/Done [36m302[0m 6.273 ms - 92[0m
[0mGET /habits/dashboard-weekly [32m200[0m 10.663 ms - 16688[0m
[0mGET /habits/update/62185e9ea46e1326ec491b3e/1/Done [36m302[0m 5.583 ms - 92[0m
[0mGET /habits/dashboard-weekly [32m200[0m 8.543 ms - 16764[0m
[0mGET /habits/update/62185e9ea46e1326ec491b3e/2/Done [36m302[0m 4.999 ms - 92[0m
[0mGET /habits/dashboard-weekly [32m200[0m 8.363 ms - 16840[0m
[0mGET / [32m200[0m 4.404 ms - 3486[0m
[0mGET /css/home.css [33m404[0m 3.655 ms - 151[0m
[0mGET /habits/dashboard [32m200[0m 7.923 ms - 6192[0m
[0mGET /habits/delete/62185e9ea46e1326ec491b3e [36m302[0m 8.379 ms - 78[0m
[0mGET /habits/dashboard [32m200[0m 6.137 ms - 4089[0m
[0mPOST /habits/create [36m302[0m 6.656 ms - 120[0m
[0mGET /habits/dashboard [32m200[0m 7.191 ms - 6418[0m
[0mGET /habits/delete/62185ec9a46e1326ec491b66 [36m302[0m 6.793 ms - 78[0m
[0mGET /habits/dashboard [32m200[0m 6.614 ms - 4090[0m
[0mGET /users/sign-out [36m302[0m 3.245 ms - 46[0m
[0mGET / [32m200[0m 2.662 ms - 3743[0m
[0mGET /css/home.css [33m404[0m 1.596 ms - 151[0m
[0mGET /users/sign-in [36m304[0m 2.880 ms - -[0m
[0mPOST /users/create-session [36m302[0m 67.198 ms - 46[0m
[0mGET / [32m200[0m 3.125 ms - 3486[0m
[0mGET /css/home.css [33m404[0m 2.613 ms - 151[0m
[0mGET /habits/dashboard [32m200[0m 7.441 ms - 3814[0m
[0mPOST /habits/create [36m302[0m 6.474 ms - 120[0m
[0mGET /habits/dashboard [32m200[0m 6.777 ms - 6418[0m
[0mPOST /habits/create [36m302[0m 6.705 ms - 120[0m
[0mGET /habits/dashboard [32m200[0m 6.855 ms - 8644[0m
[0mPOST /habits/create [36m302[0m 6.792 ms - 120[0m
[0mGET /habits/dashboard [32m200[0m 7.414 ms - 10873[0m
[0mPOST /habits/create [36m302[0m 6.383 ms - 120[0m
[0mGET /habits/dashboard [32m200[0m 7.608 ms - 13101[0m
[0mGET /habits/delete/62185efaa46e1326ec491b7a [36m302[0m 6.091 ms - 78[0m
[0mGET /habits/dashboard [32m200[0m 8.135 ms - 10872[0m
[0mGET /habits/delete/62185efda46e1326ec491b82 [36m302[0m 8.731 ms - 78[0m
[0mGET /habits/dashboard [32m200[0m 7.109 ms - 8644[0m
[0mGET /habits/delete/62185f01a46e1326ec491b8a [36m302[0m 5.741 ms - 78[0m
[0mGET /habits/dashboard [32m200[0m 6.432 ms - 6417[0m
[0mGET /habits/delete/62185f08a46e1326ec491b92 [36m302[0m 6.227 ms - 78[0m
[0mGET /habits/dashboard [32m200[0m 4.874 ms - 4090[0m
[0mGET /users/sign-out [36m302[0m 3.186 ms - 46[0m
[0mGET / [32m200[0m 2.474 ms - 3743[0m
[0mGET /css/home.css [33m404[0m 1.606 ms - 151[0m
[0mGET /users/sign-in [36m304[0m 2.783 ms - -[0m
[0mPOST /users/create-session [36m302[0m 68.057 ms - 46[0m
[0mGET / [32m200[0m 3.434 ms - 3486[0m
[0mGET /css/home.css [33m404[0m 2.530 ms - 151[0m
[0mGET /habits/dashboard [32m200[0m 6.014 ms - 3814[0m
[0mGET / [32m200[0m 25.665 ms - 3246[0m
[0mGET /css/home.css [33m404[0m 6.647 ms - 151[0m
[0mGET /css/home.css [33m404[0m 4.838 ms - 151[0m
[0mGET /css/home.css [33m404[0m 3.838 ms - 151[0m
[0mGET /favicon.ico [33m404[0m 2.338 ms - 150[0m
[0mGET /habits/dashboard [32m200[0m 12.253 ms - 3887[0m
[0mPOST /habits/create [36m302[0m 16.993 ms - 120[0m
[0mGET /habits/dashboard [32m200[0m 8.837 ms - 6489[0m
[0mPOST /habits/create [36m302[0m 7.721 ms - 120[0m
[0mGET /habits/dashboard [32m200[0m 7.968 ms - 8716[0m
[0mPOST /habits/create [0m-[0m - ms - -[0m
[0mPOST /habits/create [0m-[0m - ms - -[0m
[0mPOST /habits/create [36m302[0m 31.137 ms - 120[0m
[0mGET /habits/dashboard [32m200[0m 21.098 ms - 17624[0m
[0mGET /habits/delete/62186287873604a13fc3595f [36m302[0m 11.998 ms - 78[0m
[0mGET /habits/dashboard [32m200[0m 10.499 ms - 15396[0m
[0mGET /habits/delete/6218628d873604a13fc35967 [36m302[0m 7.491 ms - 78[0m
[0mGET /habits/dashboard [32m200[0m 7.565 ms - 13169[0m
[0mGET /habits/delete/621862b01e1fc9d05b5fced5 [36m302[0m 6.593 ms - 78[0m
[0mGET /habits/dashboard [32m200[0m 7.869 ms - 10942[0m
[0mGET /habits/delete/621862b21e1fc9d05b5fceda [36m302[0m 6.251 ms - 78[0m
[0mGET /habits/dashboard [32m200[0m 7.805 ms - 8715[0m
[0mGET /habits/delete/621862b21e1fc9d05b5fcedf [36m302[0m 6.799 ms - 78[0m
[0mGET /habits/dashboard [32m200[0m 6.671 ms - 6488[0m
[0mGET /habits/delete/621862cb167dc8d234b1b566 [36m302[0m 6.724 ms - 78[0m
[0mGET /habits/dashboard [32m200[0m 5.310 ms - 4162[0m
[0mPOST /habits/create [36m302[0m 32.562 ms - 120[0m
[0mGET /habits/dashboard [32m200[0m 18.125 ms - 6489[0m
[0mGET / [36m304[0m 22.761 ms - -[0m
[0mGET /css/home.css [33m404[0m 6.688 ms - 151[0m
[0mGET /css/home.css [33m404[0m 5.504 ms - 151[0m
[0mGET /css/home.css [33m404[0m 4.003 ms - 151[0m
[0mGET /favicon.ico [33m404[0m 2.663 ms - 150[0m
[0mGET /habits/dashboard [32m200[0m 15.250 ms - 6213[0m
[0mPOST /habits/create [36m302[0m 6.879 ms - 120[0m
[0mGET /habits/dashboard [32m200[0m 8.902 ms - 6507[0m
[0mPOST /habits/create [36m302[0m 19.293 ms - 120[0m
[0mGET /habits/dashboard [32m200[0m 17.791 ms - 6530[0m
[0mGET /habits/dashboard [32m200[0m 10.325 ms - 6213[0m
[0mGET /habits/dashboard-weekly [32m200[0m 9.890 ms - 16382[0m
[0mGET /habits/dashboard [32m200[0m 8.377 ms - 6467[0m
[0mGET /habits/update/621862f809ceaec6ccc86b23/0/Done [36m302[0m 7.682 ms - 92[0m
[0mGET /habits/dashboard-weekly [32m200[0m 8.767 ms - 16688[0m
[0mGET /habits/dashboard [32m200[0m 12.822 ms - 6519[0m
[0mPOST /habits/create [36m302[0m 4.367 ms - 120[0m
[0mGET /habits/dashboard [32m200[0m 7.094 ms - 6596[0m
[0mPOST /habits/create [36m302[0m 5.175 ms - 120[0m
[0mGET /habits/dashboard [36m304[0m 6.779 ms - -[0m
[0mPOST /habits/create [36m302[0m 33.377 ms - 120[0m
[0mGET /habits/dashboard [32m200[0m 20.519 ms - 8796[0m
[0mPOST /habits/create [36m302[0m 9.176 ms - 120[0m
[0mGET /habits/dashboard [32m200[0m 11.404 ms - 11037[0m
[0mPOST /habits/create [36m302[0m 36.461 ms - 120[0m
[0mGET /habits/dashboard [32m200[0m 14.501 ms - 13278[0m
[0mPOST /habits/create [36m302[0m 12.294 ms - 120[0m
[0mGET /habits/dashboard [32m200[0m 11.349 ms - 15521[0m
[0mPOST /habits/create [36m302[0m 39.391 ms - 120[0m
[0mGET /habits/dashboard [32m200[0m 13.717 ms - 17763[0m
[0mPOST /habits/create [36m302[0m 39.265 ms - 120[0m
[0mGET /habits/dashboard [32m200[0m 14.068 ms - 20003[0m
[0mPOST /habits/create [36m302[0m 37.142 ms - 120[0m
[0mGET /habits/dashboard [32m200[0m 13.941 ms - 22244[0m
[0mPOST /habits/create [36m302[0m 48.333 ms - 120[0m
[0mGET /habits/dashboard [32m200[0m 15.618 ms - 24487[0m
[0mPOST /habits/create [36m302[0m 13.176 ms - 120[0m
[0mGET /habits/dashboard [32m200[0m 11.605 ms - 26729[0m
[0mGET /habits/delete/621862f809ceaec6ccc86b23 [36m302[0m 27.611 ms - 78[0m
[0mGET /habits/dashboard [32m200[0m 21.841 ms - 24434[0m
[0mGET /habits/delete/62186612b766fa8a7247b93d [36m302[0m 7.594 ms - 78[0m
[0mGET /habits/dashboard [32m200[0m 10.014 ms - 22193[0m
[0mGET /habits/delete/62186617b766fa8a7247b945 [36m302[0m 6.180 ms - 78[0m
[0mGET /habits/dashboard [32m200[0m 7.947 ms - 19952[0m
[0mGET /habits/delete/6218665e23532c96a4a8ef8f [36m302[0m 6.447 ms - 78[0m
[0mGET /habits/dashboard [32m200[0m 7.867 ms - 17711[0m
[0mGET /habits/delete/6218666223532c96a4a8ef99 [36m302[0m 6.587 ms - 78[0m
[0mGET /habits/dashboard [32m200[0m 7.383 ms - 15470[0m
[0mGET /habits/delete/6218667951bf2940630e8dde [36m302[0m 8.312 ms - 78[0m
[0mGET /habits/dashboard [32m200[0m 9.231 ms - 13228[0m
[0mGET /habits/delete/62186701b30020f5f02ac83e [36m302[0m 7.236 ms - 78[0m
[0mGET /habits/dashboard [32m200[0m 7.111 ms - 10986[0m
[0mGET /habits/delete/62186738c3a0160843b16b5f [36m302[0m 6.178 ms - 78[0m
[0mGET /habits/dashboard [32m200[0m 7.512 ms - 8745[0m
[0mGET /habits/delete/6218689b22d17eeec0556925 [36m302[0m 6.126 ms - 78[0m
[0mGET /habits/dashboard [32m200[0m 6.501 ms - 6504[0m
[0mGET /habits/delete/6218689f22d17eeec055692f [36m302[0m 5.614 ms - 78[0m
[0mGET /habits/dashboard [32m200[0m 5.944 ms - 4163[0m
[0mPOST /habits/create [36m302[0m 33.455 ms - 120[0m
[0mGET /habits/dashboard [32m200[0m 14.145 ms - 6503[0m
[0mPOST /habits/create [36m302[0m 9.767 ms - 120[0m
[0mGET /habits/dashboard [32m200[0m 9.115 ms - 8744[0m
[0mPOST /habits/create [36m302[0m 35.236 ms - 120[0m
[0mGET /habits/dashboard [32m200[0m 13.414 ms - 10985[0m
[0mPOST /habits/create [36m302[0m 26.722 ms - 120[0m
[0mGET /habits/dashboard [32m200[0m 15.770 ms - 10709[0m
[0mGET /habits/delete/6218697941490888d1ec68be [36m302[0m 15.643 ms - 78[0m
[0mGET /habits/dashboard [32m200[0m 11.109 ms - 8743[0m
[0mGET /habits/delete/6218697c41490888d1ec68c8 [36m302[0m 7.586 ms - 78[0m
[0mGET /habits/dashboard [32m200[0m 7.304 ms - 6502[0m
[0mGET /habits/delete/621869a36bb79472033987ea [36m302[0m 7.346 ms - 78[0m
[0mGET /habits/dashboard [32m200[0m 5.668 ms - 4162[0m
[0mPOST /habits/create [36m302[0m 14.467 ms - 120[0m
[0mGET /habits/dashboard [32m200[0m 7.645 ms - 6503[0m
[0mPOST /habits/create [36m302[0m 6.361 ms - 120[0m
[0mGET /habits/dashboard [32m200[0m 7.279 ms - 6227[0m
[0mPOST /habits/create [36m302[0m 8.505 ms - 120[0m
[0mGET /habits/dashboard [32m200[0m 7.567 ms - 8746[0m
[0mPOST /habits/create [36m302[0m 6.494 ms - 120[0m
[0mGET /habits/dashboard [32m200[0m 7.375 ms - 8469[0m
[0mPOST /habits/create [36m302[0m 6.291 ms - 120[0m
[0mGET /habits/dashboard [36m304[0m 8.090 ms - -[0m
[0mGET /habits/delete/62186aa23c4a88a4db1c179c [36m302[0m 27.347 ms - 78[0m
[0mGET /habits/dashboard [32m200[0m 18.257 ms - 6503[0m
[0mGET /habits/delete/62186aa83c4a88a4db1c17ac [36m302[0m 8.972 ms - 78[0m
[0mGET /habits/dashboard [32m200[0m 8.352 ms - 4163[0m
[0mPOST /habits/create [36m302[0m 15.165 ms - 120[0m
[0mGET /habits/dashboard [32m200[0m 8.026 ms - 6503[0m
[0mPOST /habits/create [36m302[0m 7.158 ms - 120[0m
[0mGET /habits/dashboard [32m200[0m 8.494 ms - 6544[0m
[0mPOST /habits/create [36m302[0m 8.902 ms - 120[0m
[0mGET /habits/dashboard [32m200[0m 8.356 ms - 8746[0m
[0mPOST /habits/create [36m302[0m 6.202 ms - 120[0m
[0mGET /habits/dashboard [32m200[0m 8.334 ms - 8786[0m
[0mGET /users/sign-out [36m302[0m 3.403 ms - 46[0m
[0mGET / [32m200[0m 3.501 ms - 3743[0m
[0mGET /css/home.css [33m404[0m 2.622 ms - 151[0m
[0mGET /users/sign-up [32m200[0m 3.334 ms - 3566[0m
[0mPOST /users/create [36m302[0m 78.840 ms - 72[0m
[0mGET /users/sign-in [32m200[0m 2.862 ms - 3706[0m
[0mPOST /users/create-session [36m302[0m 69.047 ms - 46[0m
[0mGET / [32m200[0m 3.753 ms - 3488[0m
[0mGET /css/home.css [33m404[0m 2.893 ms - 151[0m
[0mGET /habits/dashboard [32m200[0m 6.455 ms - 3888[0m
[0mPOST /habits/create [36m302[0m 7.503 ms - 120[0m
[0mGET /habits/dashboard [32m200[0m 8.290 ms - 6506[0m
[0mPOST /habits/create [36m302[0m 6.208 ms - 120[0m
[0mGET /habits/dashboard [32m200[0m 6.987 ms - 6546[0m
[0mGET /habits/update/62186b11c8d7fc510c0d82c0/0/Done [36m302[0m 5.517 ms - 92[0m
[0mGET /habits/dashboard-weekly [32m200[0m 8.449 ms - 16690[0m
[0mGET /habits/dashboard [32m200[0m 33.507 ms - 6521[0m
[0mPOST /habits/create [36m302[0m 9.148 ms - 120[0m
[0mGET /habits/dashboard [32m200[0m 8.333 ms - 6598[0m
[0mPOST /habits/create [36m302[0m 17.009 ms - 120[0m
[0mGET /habits/dashboard [32m200[0m 8.481 ms - 8800[0m
[0mGET /habits/update/62186b95ca2945c408eb1cf9/0/Not%20Done [36m302[0m 6.878 ms - 92[0m
[0mGET /habits/dashboard-weekly [32m200[0m 9.928 ms - 29148[0m
[0mGET /habits/dashboard [32m200[0m 33.014 ms - 8818[0m
[0mGET /habits/delete/62186b95ca2945c408eb1cf9 [36m302[0m 15.316 ms - 78[0m
[0mGET /habits/dashboard [32m200[0m 10.229 ms - 6557[0m
[0mPOST /habits/create [36m302[0m 16.276 ms - 120[0m
[0mGET /habits/dashboard [32m200[0m 8.033 ms - 8800[0m
[0mGET /habits/update/62186bd5bfccaaa66207728b/0/None [36m302[0m 6.815 ms - 92[0m
[0mGET /habits/dashboard-weekly [32m200[0m 10.673 ms - 29069[0m
[0mGET /habits/dashboard-weekly [32m200[0m 34.869 ms - 29035[0m
[0mGET /habits/dashboard [32m200[0m 11.879 ms - 8763[0m
[0mGET /habits/update/62186bd5bfccaaa66207728b/0/Done [36m302[0m 9.301 ms - 92[0m
[0mGET /habits/dashboard-weekly [32m200[0m 9.223 ms - 29145[0m
[0mGET /habits/update/62186b11c8d7fc510c0d82c0/1/Done [36m302[0m 5.564 ms - 92[0m
[0mGET /habits/dashboard-weekly [32m200[0m 9.363 ms - 29221[0m
[0mGET /habits/update/62186bd5bfccaaa66207728b/1/Not%20Done [36m302[0m 5.391 ms - 92[0m
[0mGET /habits/dashboard-weekly [32m200[0m 8.830 ms - 29282[0m
[0mGET /habits/update/62186b11c8d7fc510c0d82c0/2/None [36m302[0m 5.068 ms - 92[0m
[0mGET /habits/dashboard-weekly [32m200[0m 9.012 ms - 29292[0m
[0mGET /habits/update/62186bd5bfccaaa66207728b/2/Not%20Done [36m302[0m 5.713 ms - 92[0m
[0mGET /habits/dashboard-weekly [32m200[0m 8.635 ms - 29361[0m
[0mGET /users/sign-out [36m302[0m 3.717 ms - 46[0m
[0mGET / [32m200[0m 3.785 ms - 3743[0m
[0mGET /css/home.css [33m404[0m 2.800 ms - 151[0m
[0mGET /users/sign-in [32m200[0m 3.344 ms - 3469[0m
[0mPOST /users/create-session [36m302[0m 69.357 ms - 46[0m
[0mGET / [32m200[0m 4.132 ms - 3486[0m
[0mGET /css/home.css [33m404[0m 2.777 ms - 151[0m
[0mGET /habits/dashboard [32m200[0m 8.232 ms - 8469[0m
[0mGET /habits/update/62186ae7c8d7fc510c0d8298/0/Done [36m302[0m 4.952 ms - 92[0m
[0mGET /habits/dashboard-weekly [32m200[0m 9.361 ms - 29066[0m
[0mGET /habits/update/62186ae7c8d7fc510c0d8298/1/Done [36m302[0m 5.193 ms - 92[0m
[0mGET /habits/dashboard-weekly [32m200[0m 9.559 ms - 29142[0m
[0mGET /habits/update/62186ae7c8d7fc510c0d8298/2/Done [36m302[0m 5.073 ms - 92[0m
[0mGET /habits/dashboard-weekly [32m200[0m 8.330 ms - 29218[0m
[0mGET /habits/update/62186ae7c8d7fc510c0d8298/3/Done [36m302[0m 5.189 ms - 92[0m
[0mGET /habits/dashboard-weekly [32m200[0m 7.345 ms - 29294[0m
[0mGET /habits/dashboard [32m200[0m 7.200 ms - 8761[0m
[0mGET /habits/dashboard-weekly [32m200[0m 8.126 ms - 29021[0m
[0mGET /habits/update/62186ae7c8d7fc510c0d8298/5/Done [36m302[0m 5.019 ms - 92[0m
[0mGET /habits/dashboard-weekly [32m200[0m 7.960 ms - 29370[0m
[0mGET /habits/update/62186ae7c8d7fc510c0d8298/6/Done [36m302[0m 4.274 ms - 92[0m
[0mGET /habits/dashboard-weekly [32m200[0m 7.333 ms - 29446[0m
[0mGET /habits/update/62186aeec8d7fc510c0d82a8/0/Done [36m302[0m 4.274 ms - 92[0m
[0mGET /habits/dashboard-weekly [32m200[0m 8.178 ms - 29523[0m
[0mGET /habits/update/62186aeec8d7fc510c0d82a8/1/Done [36m302[0m 5.138 ms - 92[0m
[0mGET /habits/dashboard-weekly [32m200[0m 7.074 ms - 29599[0m
[0mGET /habits/update/62186aeec8d7fc510c0d82a8/2/Done [36m302[0m 4.292 ms - 92[0m
[0mGET /habits/dashboard-weekly [32m200[0m 7.071 ms - 29675[0m
[0mGET /habits/update/62186aeec8d7fc510c0d82a8/3/Not%20Done [36m302[0m 4.345 ms - 92[0m
[0mGET /habits/dashboard-weekly [32m200[0m 7.520 ms - 29736[0m
[0mGET /habits/update/62186aeec8d7fc510c0d82a8/4/Done [36m302[0m 4.062 ms - 92[0m
[0mGET /habits/dashboard-weekly [32m200[0m 7.079 ms - 29830[0m
[0mGET /habits/update/62186aeec8d7fc510c0d82a8/5/Done [36m302[0m 4.294 ms - 92[0m
[0mGET /habits/dashboard-weekly [32m200[0m 6.839 ms - 29906[0m
[0mGET /habits/update/62186aeec8d7fc510c0d82a8/6/Done [36m302[0m 5.809 ms - 92[0m
[0mGET /habits/dashboard-weekly [32m200[0m 7.736 ms - 29982[0m
[0mGET /habits/dashboard [32m200[0m 6.878 ms - 8813[0m
[0mGET /habits/dashboard-weekly [32m200[0m 7.475 ms - 29708[0m
[0mGET /habits/dashboard [36m304[0m 6.677 ms - -[0m
[0mGET /habits/dashboard [32m200[0m 7.087 ms - 8573[0m
[0mGET /habits/dashboard-weekly [32m200[0m 8.785 ms - 27356[0m
[0mGET /habits/dashboard [32m200[0m 6.755 ms - 8813[0m
[0mPOST /habits/create [36m302[0m 6.331 ms - 120[0m
[0mGET /habits/dashboard [32m200[0m 5.989 ms - 8890[0m
[0mPOST /habits/create [36m302[0m 12.750 ms - 120[0m
[0mGET /habits/dashboard [32m200[0m 7.485 ms - 11092[0m
[0mGET /habits/update/62186f644f160f13dd1c5566/0/Done [36m302[0m 4.307 ms - 92[0m
[0mGET /habits/dashboard-weekly [32m200[0m 6.825 ms - 38865[0m
[0mGET /habits/dashboard-weekly [32m200[0m 7.879 ms - 37697[0m
[0mGET /habits/dashboard-weekly [32m200[0m 7.162 ms - 36332[0m
[0mGET /habits/dashboard-weekly [32m200[0m 8.770 ms - 30914[0m
[0mGET /habits/dashboard-weekly [32m200[0m 7.516 ms - 16487[0m
[0mGET /habits/dashboard-weekly [32m200[0m 10.152 ms - 16530[0m
[0mGET /habits/dashboard [32m200[0m 8.446 ms - 11131[0m
[0mGET /habits/dashboard-weekly [32m200[0m 8.309 ms - 16290[0m
[0mGET /habits/dashboard-weekly [32m200[0m 8.278 ms - 16719[0m
[0mGET /habits/dashboard-weekly [36m304[0m 7.652 ms - -[0m
[0mGET /habits/dashboard-weekly [36m304[0m 7.469 ms - -[0m
[0mGET /habits/dashboard-weekly [36m304[0m 7.502 ms - -[0m
[0mGET /habits/dashboard-weekly [32m200[0m 7.278 ms - 16530[0m
[0mGET /habits/dashboard-weekly [32m200[0m 7.760 ms - 17357[0m
[0mGET /habits/dashboard-weekly [36m304[0m 9.122 ms - -[0m
[0mGET /habits/dashboard-weekly [32m200[0m 33.802 ms - 17693[0m
[0mGET /habits/dashboard-weekly [36m304[0m 9.807 ms - -[0m
[0mGET /habits/dashboard-weekly [32m200[0m 10.312 ms - 14696[0m
[0mGET /habits/dashboard-weekly [32m200[0m 9.442 ms - 14761[0m
[0mGET /habits/dashboard-weekly [32m200[0m 9.267 ms - 14696[0m
[0mGET /habits/dashboard-weekly [32m200[0m 9.366 ms - 14735[0m
[0mGET /habits/dashboard-weekly [32m200[0m 8.881 ms - 14903[0m
[0mGET /habits/dashboard-weekly [36m304[0m 33.114 ms - -[0m
[0mGET /habits/dashboard [36m304[0m 13.789 ms - -[0m
[0mGET /habits/update/62186ae7c8d7fc510c0d8298/0/Not%20Done [36m302[0m 9.227 ms - 92[0m
[0mGET /habits/dashboard-weekly [32m200[0m 9.298 ms - 14917[0m
[0mGET /habits/dashboard [32m200[0m 11.133 ms - 11134[0m
[0mGET /habits/delete/62186ae7c8d7fc510c0d8298 [36m302[0m 9.538 ms - 78[0m
[0mGET /habits/dashboard [32m200[0m 7.592 ms - 8873[0m
[0mGET /habits/update/62186aeec8d7fc510c0d82a8/0/Not%20Done [36m302[0m 5.709 ms - 92[0m
[0mGET /habits/dashboard-weekly [32m200[0m 8.602 ms - 11366[0m
[0mGET /habits/dashboard [32m200[0m 9.882 ms - 8841[0m
[0mGET /habits/dashboard-weekly [32m200[0m 8.446 ms - 11110[0m
[0mGET /users/sign-out [36m302[0m 3.763 ms - 46[0m
[0mGET / [32m200[0m 3.656 ms - 3743[0m
[0mGET /css/home.css [33m404[0m 3.182 ms - 151[0m
[0mGET / [32m200[0m 3.685 ms - 3505[0m
[0mGET /css/home.css [33m404[0m 2.603 ms - 151[0m
[0mGET /users/sign-in [36m304[0m 3.735 ms - -[0m
[0mPOST /users/create-session [36m302[0m 69.066 ms - 46[0m
[0mGET / [32m200[0m 4.558 ms - 3596[0m
[0mGET /css/home.css [33m404[0m 3.573 ms - 151[0m
[0mGET /habits/dashboard [32m200[0m 8.647 ms - 8711[0m
[0mGET /habits/dashboard [36m304[0m 9.555 ms - -[0m
[0mGET /habits/dashboard-weekly [32m200[0m 9.539 ms - 11220[0m
[0mGET /habits/dashboard [32m200[0m 7.622 ms - 8951[0m
[0mGET /users/sign-out [36m302[0m 3.713 ms - 46[0m
[0mGET / [32m200[0m 2.939 ms - 3743[0m
[0mGET /css/home.css [33m404[0m 2.385 ms - 151[0m
[0mGET /users/sign-in [36m304[0m 4.292 ms - -[0m
[0mGET /users/sign-up [36m304[0m 3.713 ms - -[0m
[0mGET /users/sign-up [36m304[0m 2.933 ms - -[0m
[0mGET /users/sign-in [36m304[0m 3.355 ms - -[0m
[0mGET /users/sign-up [36m304[0m 2.777 ms - -[0m
[0mGET / [32m200[0m 3.516 ms - 3505[0m
[0mGET /css/home.css [33m404[0m 2.204 ms - 151[0m
[0mGET /users/sign-in [36m304[0m 2.881 ms - -[0m
[0mGET /users/sign-in [36m304[0m 2.675 ms - -[0m
[0mPOST /users/create-session [36m302[0m 69.122 ms - 46[0m
[0mGET / [32m200[0m 3.018 ms - 3595[0m
[0mGET /css/home.css [33m404[0m 3.112 ms - 151[0m
[0mGET /habits/dashboard [32m200[0m 8.312 ms - 8710[0m
[0mGET /habits/dashboard [32m200[0m 7.278 ms - 8732[0m
[0mGET /habits/dashboard [32m200[0m 8.280 ms - 8740[0m
[0mGET /habits/dashboard [36m304[0m 7.853 ms - -[0m
[0mGET /habits/dashboard [36m304[0m 7.721 ms - -[0m
[0mGET /habits/dashboard [36m304[0m 7.820 ms - -[0m
[0mGET /habits/dashboard [36m304[0m 7.662 ms - -[0m
[0mGET /habits/dashboard [36m304[0m 8.697 ms - -[0m
[0mGET /habits/dashboard [36m304[0m 7.284 ms - -[0m
[0mGET /habits/dashboard [36m304[0m 8.153 ms - -[0m
[0mGET /habits/dashboard [36m304[0m 6.247 ms - -[0m
[0mGET /habits/dashboard [36m304[0m 6.914 ms - -[0m
[0mGET /habits/dashboard [36m304[0m 7.101 ms - -[0m
[0mGET /habits/dashboard [32m200[0m 7.494 ms - 8726[0m
[0mGET /habits/dashboard [32m200[0m 8.093 ms - 8747[0m
[0mGET /habits/dashboard [32m200[0m 7.583 ms - 8732[0m
[0mGET /habits/dashboard [32m200[0m 7.386 ms - 8748[0m
[0mGET /habits/dashboard [32m200[0m 7.559 ms - 8812[0m
[0mGET /habits/dashboard [32m200[0m 8.755 ms - 8870[0m
[0mGET /habits/dashboard [32m200[0m 7.417 ms - 8918[0m
[0mGET /habits/dashboard [32m200[0m 7.726 ms - 8922[0m
[0mGET /habits/dashboard [32m200[0m 8.424 ms - 8918[0m
[0mGET /habits/dashboard [31m500[0m 6.940 ms - 1695[0m
[0mGET /habits/dashboard [32m200[0m 8.601 ms - 8918[0m
[0mGET /habits/dashboard [36m304[0m 9.399 ms - -[0m
[0mGET /habits/dashboard [36m304[0m 7.702 ms - -[0m
[0mGET /habits/dashboard [36m304[0m 6.870 ms - -[0m
[0mGET /habits/dashboard [36m304[0m 6.821 ms - -[0m
[0mGET /habits/dashboard [32m200[0m 9.817 ms - 8918[0m
[0mGET /habits/dashboard [32m200[0m 7.759 ms - 8918[0m
[0mPOST /habits/create [36m302[0m 6.529 ms - 120[0m
[0mGET /habits/dashboard [32m200[0m 7.790 ms - 9235[0m
[0mGET /habits/dashboard [32m200[0m 32.968 ms - 9150[0m
[0mGET /habits/dashboard [32m200[0m 12.112 ms - 9056[0m
[0mGET /habits/dashboard [32m200[0m 9.968 ms - 9136[0m
[0mGET /habits/delete/62186aeec8d7fc510c0d82a8 [36m302[0m 15.448 ms - 78[0m
[0mGET /habits/dashboard [32m200[0m 7.974 ms - 7002[0m
[0mGET /habits/delete/62186f644f160f13dd1c5566 [36m302[0m 7.046 ms - 78[0m
[0mGET /habits/dashboard [32m200[0m 6.305 ms - 4496[0m
[0mGET /habits/dashboard-weekly [32m200[0m 6.716 ms - 4439[0m
[0mGET /habits/dashboard [32m200[0m 6.469 ms - 4460[0m
[0mGET /users/update-user [32m200[0m 4.831 ms - 3432[0m
[0mGET /users/update-user [33m404[0m 16.978 ms - 156[0m
[0mGET /users/update-user [33m404[0m 4.695 ms - 156[0m
[0mGET /habits/dashboard [32m200[0m 16.833 ms - 4116[0m
[0mGET /habits/dashboard [36m304[0m 8.504 ms - -[0m
[0mGET /users/sign-out [36m302[0m 5.527 ms - 46[0m
[0mGET / [32m200[0m 3.830 ms - 3743[0m
[0mGET /css/home.css [33m404[0m 2.313 ms - 151[0m
[0mGET /css/home.css [33m404[0m 1.691 ms - 151[0m
[0mGET /users/sign-in [36m304[0m 3.729 ms - -[0m
[0mPOST /users/create-session [36m302[0m 66.241 ms - 46[0m
[0mGET / [32m200[0m 3.429 ms - 3491[0m
[0mGET /css/home.css [33m404[0m 3.791 ms - 151[0m
[0mGET / [32m200[0m 5.098 ms - 3365[0m
[0mGET /css/home.css [33m404[0m 4.279 ms - 151[0m
[0mGET / [36m304[0m 5.626 ms - -[0m
[0mGET /css/home.css [33m404[0m 4.429 ms - 151[0m
[0mGET / [36m304[0m 5.288 ms - -[0m
[0mGET /css/home.css [33m404[0m 4.800 ms - 151[0m
[0mGET /users/sign-out [36m302[0m 17.477 ms - 46[0m
[0mGET / [32m200[0m 7.434 ms - 3743[0m
[0mGET /css/home.css [33m404[0m 8.616 ms - 151[0m
[0mGET /users/sign-in [36m304[0m 6.712 ms - -[0m
[0mPOST /users/create-session [36m302[0m 70.119 ms - 46[0m
[0mGET / [32m200[0m 5.191 ms - 3605[0m
[0mGET /css/home.css [33m404[0m 3.329 ms - 151[0m
[0mGET / [32m200[0m 5.333 ms - 3354[0m
[0mGET /css/home.css [33m404[0m 6.184 ms - 151[0m
[0mGET / [36m304[0m 4.894 ms - -[0m
[0mGET /css/home.css [33m404[0m 4.841 ms - 151[0m
[0mGET / [36m304[0m 4.906 ms - -[0m
[0mGET /css/home.css [33m404[0m 4.222 ms - 151[0m
[0mGET / [36m304[0m 4.686 ms - -[0m
[0mGET /css/home.css [33m404[0m 3.240 ms - 151[0m
[0mGET /habits/dashboard [36m304[0m 11.433 ms - -[0m
[0mGET /users/sign-out [36m302[0m 3.520 ms - 46[0m
[0mGET / [32m200[0m 2.716 ms - 3739[0m
[0mGET /css/home.css [33m404[0m 2.033 ms - 151[0m
[0mGET /users/sign-in [36m304[0m 3.163 ms - -[0m
[0mPOST /users/create-session [36m302[0m 68.224 ms - 46[0m
[0mGET / [32m200[0m 3.032 ms - 3594[0m
[0mGET /css/home.css [33m404[0m 3.052 ms - 151[0m
[0mGET /users/sign-out [36m302[0m 2.950 ms - 46[0m
[0mGET / [32m200[0m 2.711 ms - 3739[0m
[0mGET /css/home.css [33m404[0m 2.294 ms - 151[0m
[0mGET / [32m200[0m 2.989 ms - 3763[0m
[0mGET /css/home.css [33m404[0m 3.147 ms - 151[0m
[0mGET / [32m200[0m 7.056 ms - 3150[0m
[0mGET /css/home.css [33m404[0m 3.442 ms - 151[0m
[0mGET /users/sign-in [36m304[0m 2.671 ms - -[0m
[0mPOST /users/create-session [36m302[0m 67.271 ms - 46[0m
[0mGET / [32m200[0m 3.357 ms - 3967[0m
[0mGET /css/home.css [33m404[0m 2.928 ms - 151[0m
[0mGET / [32m200[0m 4.940 ms - 3733[0m
[0mGET /css/home.css [33m404[0m 3.926 ms - 151[0m
[0mGET /users/sign-out [36m302[0m 3.548 ms - 46[0m
[0mGET / [32m200[0m 2.796 ms - 3748[0m
[0mGET /css/home.css [33m404[0m 1.760 ms - 151[0m
[0mGET /users/sign-in [36m304[0m 3.655 ms - -[0m
[0mPOST /users/create-session [36m302[0m 65.727 ms - 46[0m
[0mGET / [32m200[0m 4.091 ms - 3973[0m
[0mGET /css/home.css [33m404[0m 4.524 ms - 151[0m
[0mGET /users/sign-out [36m302[0m 2.474 ms - 46[0m
[0mGET / [32m200[0m 2.664 ms - 3748[0m
[0mGET /css/home.css [33m404[0m 2.044 ms - 151[0m
[0mGET / [31m500[0m 2.872 ms - 1692[0m
[0mGET / [31m500[0m 2.229 ms - 1692[0m
[0mGET / [31m500[0m 2.276 ms - 1692[0m
[0mGET / [31m500[0m 3.314 ms - 1692[0m
[0mGET / [31m500[0m 2.658 ms - 1692[0m
[0mGET / [31m500[0m 2.190 ms - 1692[0m
[0mGET / [32m200[0m 2.872 ms - 3466[0m
[0mGET /users/sign-in [36m304[0m 6.434 ms - -[0m
[0mPOST /users/create-session [36m302[0m 68.995 ms - 46[0m
[0mGET / [32m200[0m 3.018 ms - 3581[0m
[0mGET / [32m200[0m 4.341 ms - 3357[0m
[0mGET / [32m200[0m 3.914 ms - 3370[0m
[0mGET / [32m200[0m 4.016 ms - 3357[0m
[0mGET /habits/dashboard [36m304[0m 6.306 ms - -[0m
[0mGET /habits/dashboard [36m304[0m 6.157 ms - -[0m
[0mGET /habits/dashboard [36m304[0m 6.182 ms - -[0m
[0mGET /habits/dashboard-weekly [32m200[0m 6.347 ms - 4335[0m
[0mGET /habits/dashboard-weekly [32m200[0m 6.019 ms - 4575[0m
[0mGET /habits/dashboard [32m200[0m 6.016 ms - 4356[0m
[0mGET /habits/dashboard-weekly [32m200[0m 5.546 ms - 4335[0m
[0mGET /habits/dashboard-weekly [32m200[0m 7.329 ms - 4441[0m
[0mGET /habits/dashboard-weekly [32m200[0m 5.542 ms - 4443[0m
[0mGET /habits/dashboard-weekly [36m304[0m 5.726 ms - -[0m
[0mGET /users/sign-out [36m302[0m 3.227 ms - 46[0m
[0mGET / [32m200[0m 2.749 ms - 3720[0m
[0mGET / [32m200[0m 3.546 ms - 3496[0m
[0mGET /users/sign-in [36m304[0m 3.354 ms - -[0m
[0mPOST /users/create-session [36m302[0m 67.315 ms - 46[0m
[0mGET / [32m200[0m 3.004 ms - 3623[0m
[0mGET / [32m200[0m 4.055 ms - 3370[0m
[0mGET / [32m200[0m 3.839 ms - 3365[0m
[0mGET / [36m304[0m 4.009 ms - -[0m
[0mGET / [36m304[0m 4.068 ms - -[0m
[0mGET / [36m304[0m 3.298 ms - -[0m
[0mGET / [36m304[0m 3.466 ms - -[0m
[0mGET / [36m304[0m 3.688 ms - -[0m
[0mGET /users/sign-out [36m302[0m 2.755 ms - 46[0m
[0mGET / [32m200[0m 2.826 ms - 3766[0m
[0mGET / [32m200[0m 3.197 ms - 3580[0m
[0mGET / [32m200[0m 2.809 ms - 3660[0m
[0mGET /users/sign-in [36m304[0m 2.963 ms - -[0m
[0mPOST /users/create-session [36m302[0m 67.888 ms - 46[0m
[0mGET / [32m200[0m 3.446 ms - 3663[0m
[0mGET / [32m200[0m 3.928 ms - 3437[0m
[0mGET / [36m304[0m 3.998 ms - -[0m
[0mGET /users/sign-out [36m302[0m 2.705 ms - 46[0m
[0mGET / [32m200[0m 2.471 ms - 3932[0m
[0mGET / [32m200[0m 2.920 ms - 3701[0m
[0mGET / [32m200[0m 3.920 ms - 3703[0m
[0mGET / [32m200[0m 2.817 ms - 3728[0m
[0mGET /users/sign-in [36m304[0m 2.447 ms - -[0m
[0mGET / [32m200[0m 12.809 ms - 3758[0m
[0mGET /favicon.ico [33m404[0m 2.491 ms - 150[0m
[0mGET /users/sign-in [32m200[0m 5.341 ms - 3499[0m
[0mPOST /users/create-session [36m302[0m 74.809 ms - 46[0m
[0mGET / [32m200[0m 5.093 ms - 3954[0m
[0mGET / [32m200[0m 5.266 ms - 3714[0m
[0mGET / [32m200[0m 5.682 ms - 3726[0m
[0mGET / [36m304[0m 22.311 ms - -[0m
[0mGET /habits/dashboard [32m200[0m 12.222 ms - 4393[0m
[0mGET /users/sign-out [36m302[0m 6.304 ms - 46[0m
[0mGET / [32m200[0m 3.202 ms - 3996[0m
[0mGET /users/sign-in [32m200[0m 3.381 ms - 3560[0m
[0mGET /users/sign-in [36m304[0m 4.406 ms - -[0m
[0mGET /users/sign-in [36m304[0m 3.234 ms - -[0m
[0mGET /users/sign-in [36m304[0m 2.816 ms - -[0m
[0mGET /users/sign-in [36m304[0m 2.838 ms - -[0m
[0mGET /users/sign-in [36m304[0m 2.955 ms - -[0m
[0mGET /users/sign-in [32m200[0m 3.183 ms - 3959[0m
[0mGET /users/sign-in [32m200[0m 3.482 ms - 3938[0m
[0mGET /users/sign-in [36m304[0m 3.000 ms - -[0m
[0mGET /users/sign-in [36m304[0m 3.056 ms - -[0m
[0mGET /users/sign-in [36m304[0m 3.070 ms - -[0m
[0mGET /users/sign-in [32m200[0m 3.035 ms - 3979[0m
[0mGET /users/sign-in [32m200[0m 2.912 ms - 3988[0m
[0mGET /users/sign-in [36m304[0m 3.229 ms - -[0m
[0mGET /users/sign-in [36m304[0m 2.761 ms - -[0m
[0mGET /users/sign-in [36m304[0m 4.635 ms - -[0m
[0mGET /users/sign-in [36m304[0m 2.768 ms - -[0m
[0mGET /users/sign-in [32m200[0m 2.683 ms - 3962[0m
[0mGET /users/sign-in [32m200[0m 3.042 ms - 3979[0m
[0mGET /users/sign-in [32m200[0m 2.794 ms - 3988[0m
[0mGET /users/sign-in [32m200[0m 2.863 ms - 3949[0m
[0mGET /users/sign-in [32m200[0m 3.338 ms - 3964[0m
[0mGET /users/sign-in [32m200[0m 3.032 ms - 4010[0m
[0mGET /users/sign-in [32m200[0m 3.221 ms - 3995[0m
[0mGET /users/sign-in [32m200[0m 2.717 ms - 4019[0m
[0mGET /users/sign-in [32m200[0m 3.078 ms - 3989[0m
[0mGET /users/sign-in [32m200[0m 2.737 ms - 3959[0m
[0mGET /users/sign-in [32m200[0m 2.975 ms - 3978[0m
[0mGET /users/sign-in [36m304[0m 2.898 ms - -[0m
[0mGET /users/sign-in [36m304[0m 2.823 ms - -[0m
[0mGET /users/sign-in [36m304[0m 2.726 ms - -[0m
[0mGET /users/sign-in [36m304[0m 2.657 ms - -[0m
[0mGET /users/sign-in [36m304[0m 2.898 ms - -[0m
[0mGET /users/sign-in [36m304[0m 2.674 ms - -[0m
[0mGET /users/sign-in [32m200[0m 2.697 ms - 3977[0m
[0mGET /users/sign-in [32m200[0m 3.041 ms - 3977[0m
[0mGET /users/sign-in [32m200[0m 2.783 ms - 3984[0m
[0mGET /users/sign-in [36m304[0m 2.861 ms - -[0m
[0mGET /users/sign-in [36m304[0m 2.740 ms - -[0m
[0mGET /users/sign-in [36m304[0m 2.776 ms - -[0m
[0mGET /users/sign-in [36m304[0m 2.770 ms - -[0m
[0mGET /users/sign-in [36m304[0m 2.542 ms - -[0m
[0mGET /users/sign-in [36m304[0m 2.911 ms - -[0m
[0mGET /users/sign-in [32m200[0m 3.370 ms - 3993[0m
[0mGET /users/sign-in [36m304[0m 2.752 ms - -[0m
[0mGET /users/sign-in [32m200[0m 3.482 ms - 3993[0m
[0mGET /users/sign-in [32m200[0m 3.487 ms - 4009[0m
[0mGET /users/sign-in [32m200[0m 4.286 ms - 4006[0m
[0mGET /users/sign-in [32m200[0m 4.839 ms - 4006[0m
[0mGET /users/auth/google [36m302[0m 4.655 ms - 0[0m
[0mGET /users/sign-in [32m200[0m 2.007 ms - 4091[0m
[0mGET /users/sign-in [32m200[0m 2.707 ms - 4213[0m
[0mGET /users/sign-in [32m200[0m 2.754 ms - 4145[0m
[0mGET /users/sign-in [36m304[0m 3.382 ms - -[0m
[0mGET /users/sign-in [32m200[0m 2.781 ms - 4137[0m
[0mGET /users/sign-in [32m200[0m 2.877 ms - 4119[0m
[0mGET /users/sign-in [32m200[0m 3.015 ms - 4137[0m
[0mGET /users/sign-in [36m304[0m 2.800 ms - -[0m
[0mGET /users/sign-in [36m304[0m 2.483 ms - -[0m
[0mGET /users/sign-in [32m200[0m 3.385 ms - 4137[0m
[0mGET /users/sign-in [32m200[0m 2.778 ms - 4137[0m
[0mGET /users/sign-in [32m200[0m 2.532 ms - 4132[0m
[0mGET /users/sign-in [36m304[0m 4.030 ms - -[0m
[0mGET /users/sign-in [36m304[0m 2.618 ms - -[0m
[0mGET /users/sign-in [36m304[0m 2.586 ms - -[0m
[0mGET /users/sign-in [32m200[0m 2.673 ms - 4131[0m
[0mGET /users/sign-in [32m200[0m 12.861 ms - 4129[0m
[0mGET /users/sign-in [32m200[0m 5.665 ms - 4188[0m
[0mGET /users/sign-in [32m200[0m 3.409 ms - 4188[0m
[0mGET /users/sign-in [32m200[0m 3.643 ms - 4188[0m
[0mGET /users/sign-in [32m200[0m 3.607 ms - 4208[0m
[0mGET /users/sign-in [32m200[0m 3.953 ms - 4223[0m
[0mGET /users/sign-in [32m200[0m 3.204 ms - 4239[0m
[0mGET /users/sign-in [32m200[0m 3.423 ms - 4243[0m
[0mGET /users/sign-in [32m200[0m 3.386 ms - 4258[0m
[0mGET /users/sign-in [32m200[0m 2.965 ms - 4232[0m
[0mGET /users/sign-in [36m304[0m 3.744 ms - -[0m
[0mGET /users/sign-in [36m304[0m 3.038 ms - -[0m
[0mGET /users/sign-in [36m304[0m 3.368 ms - -[0m
[0mGET /users/sign-in [36m304[0m 2.782 ms - -[0m
[0mGET /users/sign-in [36m304[0m 2.837 ms - -[0m
[0mGET /users/sign-in [36m304[0m 2.685 ms - -[0m
[0mGET /users/sign-in [32m200[0m 2.887 ms - 4187[0m
[0mGET /users/sign-in [32m200[0m 3.303 ms - 4211[0m
[0mGET /users/sign-in [36m304[0m 3.740 ms - -[0m
[0mGET /users/sign-in [36m304[0m 3.709 ms - -[0m
[0mGET /users/sign-in [36m304[0m 2.581 ms - -[0m
[0mGET /users/sign-in [36m304[0m 2.558 ms - -[0m
[0mGET /users/sign-in [36m304[0m 2.737 ms - -[0m
[0mGET /users/sign-in [36m304[0m 3.153 ms - -[0m
[0mGET /users/sign-in [36m304[0m 2.733 ms - -[0m
[0mGET /users/sign-in [36m304[0m 3.114 ms - -[0m
[0mGET /users/sign-in [32m200[0m 3.105 ms - 4213[0m
[0mGET /users/sign-in [36m304[0m 3.528 ms - -[0m
[0mGET /users/sign-in [36m304[0m 2.986 ms - -[0m
[0mGET /users/sign-in [36m304[0m 3.556 ms - -[0m
[0mGET /users/sign-in [36m304[0m 2.760 ms - -[0m
[0mGET /users/sign-in [32m200[0m 3.020 ms - 4186[0m
[0mGET /users/sign-in [36m304[0m 2.905 ms - -[0m
[0mGET /users/sign-in [36m304[0m 2.933 ms - -[0m
[0mGET /users/sign-in [32m200[0m 3.567 ms - 4194[0m
[0mGET /users/sign-in [36m304[0m 2.932 ms - -[0m
[0mGET /users/sign-in [32m200[0m 2.990 ms - 4186[0m
[0mGET /users/sign-in [32m200[0m 2.887 ms - 4187[0m
[0mGET /users/sign-in [36m304[0m 2.920 ms - -[0m
[0mGET /users/sign-in [36m304[0m 2.745 ms - -[0m
[0mGET /users/sign-in [36m304[0m 2.791 ms - -[0m
[0mGET /users/sign-in [32m200[0m 3.008 ms - 4187[0m
[0mGET /users/sign-in [36m304[0m 2.854 ms - -[0m
[0mGET /users/sign-in [36m304[0m 2.811 ms - -[0m
[0mGET /users/sign-in [36m304[0m 2.679 ms - -[0m
[0mGET /users/sign-in [36m304[0m 2.574 ms - -[0m
[0mGET /users/sign-in [32m200[0m 2.651 ms - 4186[0m
[0mGET /users/sign-in [32m200[0m 2.824 ms - 4187[0m
[0mGET /users/sign-in [32m200[0m 2.509 ms - 4186[0m
[0mGET /users/sign-in [32m200[0m 2.823 ms - 4186[0m
[0mGET /users/sign-in [36m304[0m 3.320 ms - -[0m
[0mGET /users/sign-in [36m304[0m 2.605 ms - -[0m
[0mGET /users/sign-in [36m304[0m 2.691 ms - -[0m
[0mGET /users/sign-in [36m304[0m 2.625 ms - -[0m
[0mGET /users/sign-in [36m304[0m 2.660 ms - -[0m
[0mGET /users/sign-in [32m200[0m 2.600 ms - 4185[0m
[0mGET /users/sign-in [36m304[0m 2.782 ms - -[0m
[0mGET /users/sign-in [36m304[0m 3.210 ms - -[0m
[0mGET /users/sign-in [32m200[0m 3.292 ms - 4185[0m
[0mGET /users/sign-in [36m304[0m 2.757 ms - -[0m
[0mGET /users/sign-in [32m200[0m 3.678 ms - 4186[0m
[0mGET /users/sign-in [32m200[0m 2.971 ms - 4228[0m
[0mGET /users/sign-in [36m304[0m 3.002 ms - -[0m
[0mGET /users/sign-in [36m304[0m 3.318 ms - -[0m
[0mGET /users/sign-in [36m304[0m 2.685 ms - -[0m
[0mGET /users/sign-in [32m200[0m 3.659 ms - 4270[0m
[0mGET /users/sign-in [36m304[0m 2.807 ms - -[0m
[0mGET /users/sign-in [36m304[0m 2.703 ms - -[0m
[0mGET /users/sign-in [32m200[0m 2.814 ms - 4312[0m
[0mGET /users/sign-in [36m304[0m 3.163 ms - -[0m
[0mGET /users/sign-in [32m200[0m 3.129 ms - 4236[0m
[0mGET /users/sign-in [32m200[0m 2.623 ms - 4285[0m
[0mGET /users/sign-in [36m304[0m 2.704 ms - -[0m
[0mGET /users/sign-in [36m304[0m 2.521 ms - -[0m
[0mGET /users/sign-in [36m304[0m 2.617 ms - -[0m
[0mGET /users/sign-in [32m200[0m 2.722 ms - 4187[0m
[0mGET /users/sign-in [36m304[0m 2.706 ms - -[0m
[0mGET /users/sign-in [36m304[0m 2.602 ms - -[0m
[0mGET /users/sign-in [36m304[0m 2.319 ms - -[0m
[0mGET /users/sign-up [32m200[0m 2.872 ms - 3596[0m
[0mGET /users/sign-up [32m200[0m 3.033 ms - 4281[0m
[0mGET /users/sign-up [36m304[0m 3.879 ms - -[0m
[0mGET /users/sign-up [36m304[0m 2.569 ms - -[0m
[0mGET /users/sign-up [36m304[0m 2.996 ms - -[0m
[0mGET /users/sign-up [36m304[0m 2.474 ms - -[0m
[0mGET /users/sign-up [36m304[0m 3.189 ms - -[0m
[0mGET /users/sign-up [36m304[0m 2.468 ms - -[0m
[0mGET /users/sign-up [32m200[0m 2.672 ms - 4291[0m
[0mGET /users/sign-up [36m304[0m 3.277 ms - -[0m
[0mGET /users/sign-up [36m304[0m 3.301 ms - -[0m
[0mGET /users/sign-up [32m200[0m 2.632 ms - 4301[0m
[0mGET /users/sign-up [36m304[0m 2.586 ms - -[0m
[0mGET /users/sign-up [36m304[0m 3.104 ms - -[0m
[0mGET /users/sign-up [32m200[0m 3.735 ms - 4369[0m
[0mGET /users/sign-up [32m200[0m 2.670 ms - 4358[0m
[0mGET /users/sign-up [32m200[0m 2.583 ms - 4343[0m
[0mGET /users/sign-up [32m200[0m 3.248 ms - 4353[0m
[0mGET /users/sign-up [32m200[0m 2.589 ms - 4343[0m
[0mGET /users/sign-up [36m304[0m 2.502 ms - -[0m
[0mGET /users/sign-in [32m200[0m 2.745 ms - 4159[0m
[0mGET /users/sign-up [36m304[0m 3.255 ms - -[0m
[0mGET /users/sign-up [32m200[0m 2.618 ms - 4348[0m
[0mGET /users/sign-in [36m304[0m 3.450 ms - -[0m
[0mGET /users/sign-up [36m304[0m 2.838 ms - -[0m
[0mGET /users/sign-up [32m200[0m 2.719 ms - 4353[0m
[0mGET /users/sign-in [32m200[0m 2.860 ms - 4164[0m
[0mGET /users/sign-in [32m200[0m 2.731 ms - 4164[0m
[0mGET /users/sign-up [32m200[0m 3.244 ms - 4353[0m
[0mGET /users/sign-up [36m304[0m 2.579 ms - -[0m
[0mGET /users/sign-in [32m200[0m 3.270 ms - 4174[0m
[0mGET /users/sign-in [36m304[0m 2.786 ms - -[0m
[0mGET /users/sign-up [36m304[0m 3.041 ms - -[0m
[0mGET /users/sign-up [32m200[0m 3.020 ms - 4373[0m
[0mGET /users/sign-up [32m200[0m 2.554 ms - 4373[0m
[0mPOST /users/create [36m302[0m 90.675 ms - 72[0m
[0mGET /users/sign-in [32m200[0m 2.488 ms - 4411[0m
[0mGET /users/sign-up [36m304[0m 2.730 ms - -[0m
[0mGET /users/sign-in [32m200[0m 3.512 ms - 4174[0m
[0mGET /reset-password [32m200[0m 4.051 ms - 3103[0m
[0mGET /reset-password [32m200[0m 2.638 ms - 3694[0m
[0mGET /reset-password [32m200[0m 2.648 ms - 3656[0m
[0mGET /reset-password [32m200[0m 3.228 ms - 3628[0m
[0mGET /reset-password [32m200[0m 2.722 ms - 3678[0m
[0mGET /reset-password [32m200[0m 2.696 ms - 3678[0m
[0mGET /reset-password [32m200[0m 2.918 ms - 3697[0m
[0mGET /reset-password [36m304[0m 2.698 ms - -[0m
[0mGET /users/sign-in [36m304[0m 2.508 ms - -[0m
[0mGET /users/sign-up [36m304[0m 2.629 ms - -[0m
[0mGET /users/sign-in [36m304[0m 2.462 ms - -[0m
[0mGET /users/sign-up [36m304[0m 2.585 ms - -[0m
[0mGET /users/sign-in [36m304[0m 2.865 ms - -[0m
[0mGET /reset-password [36m304[0m 2.604 ms - -[0m
[0mGET /reset-password [32m200[0m 2.622 ms - 3697[0m
[0mGET /reset-password [32m200[0m 2.808 ms - 3697[0m
[0mGET /reset-password [36m304[0m 2.929 ms - -[0m
[0mPOST /reset-password/email [36m302[0m 9.702 ms - 72[0m
[0mGET /users/sign-in [32m200[0m 2.452 ms - 4461[0m
[0mGET /reset-password [36m304[0m 12.797 ms - -[0m
[0mPOST /reset-password/email [36m302[0m 29.196 ms - 72[0m
[0mGET /users/sign-in [36m304[0m 4.515 ms - -[0m
[0mGET /reset-password/access-token/1837840134054a6f0e637e75418cbbd7b66e1413 [32m200[0m 6.051 ms - 4001[0m
[0mPOST /reset-password/update-password [36m302[0m 2.409 ms - 224[0m
[0mGET /reset-password/access-token/1837840134054a6f0e637e75418cbbd7b66e1413 [32m200[0m 4.759 ms - 4312[0m
[0mPOST /reset-password/update-password [36m302[0m 2.126 ms - 224[0m
[0mGET /reset-password/access-token/1837840134054a6f0e637e75418cbbd7b66e1413 [36m304[0m 4.764 ms - -[0m
[0mPOST /reset-password/update-password [36m302[0m 1.817 ms - 224[0m
[0mGET /reset-password/access-token/1837840134054a6f0e637e75418cbbd7b66e1413 [36m304[0m 5.042 ms - -[0m
[0mPOST /reset-password/update-password [36m302[0m 1.826 ms - 224[0m
[0mGET /reset-password/access-token/1837840134054a6f0e637e75418cbbd7b66e1413 [36m304[0m 4.788 ms - -[0m
[0mGET /reset-password/access-token/1837840134054a6f0e637e75418cbbd7b66e1413 [32m200[0m 4.575 ms - 4008[0m
[0mPOST /reset-password/update-password [36m302[0m 1.780 ms - 224[0m
[0mGET /reset-password/access-token/1837840134054a6f0e637e75418cbbd7b66e1413 [32m200[0m 4.453 ms - 4319[0m
[0mPOST /reset-password/update-password [36m302[0m 1.786 ms - 224[0m
[0mGET /reset-password/access-token/1837840134054a6f0e637e75418cbbd7b66e1413 [36m304[0m 4.753 ms - -[0m
[0mGET /reset-password/access-token/1837840134054a6f0e637e75418cbbd7b66e1413 [32m200[0m 4.093 ms - 4008[0m
[0mPOST /reset-password/update-password [36m302[0m 12.934 ms - 72[0m
[0mGET /users/sign-in [32m200[0m 3.339 ms - 4436[0m
[0mPOST /users/create-session [36m302[0m 67.902 ms - 46[0m
[0mGET / [32m200[0m 4.048 ms - 3966[0m
[0mGET /habits/dashboard [36m304[0m 7.391 ms - -[0m
[0mGET /habits/dashboard [32m200[0m 6.684 ms - 4392[0m
[0mGET /habits/dashboard-weekly [32m200[0m 7.196 ms - 4480[0m
[0mGET /habits/dashboard [32m200[0m 7.140 ms - 4632[0m
[0mGET /habits/dashboard [32m200[0m 27.123 ms - 4392[0m
[0mPOST /habits/create [36m302[0m 19.130 ms - 120[0m
[0mGET /habits/dashboard [32m200[0m 12.332 ms - 7123[0m
[0mPOST /habits/create [36m302[0m 10.154 ms - 120[0m
[0mGET /habits/dashboard [32m200[0m 7.286 ms - 9478[0m
[0mPOST /habits/create [36m302[0m 9.687 ms - 120[0m
[0mGET /habits/dashboard [32m200[0m 8.117 ms - 11833[0m
[0mPOST /habits/create [36m302[0m 10.441 ms - 120[0m
[0mGET /habits/dashboard [32m200[0m 8.479 ms - 14186[0m
[0mPOST /habits/create [36m302[0m 10.260 ms - 120[0m
[0mGET /habits/dashboard [32m200[0m 8.870 ms - 16540[0m
[0mPOST /habits/create [36m302[0m 7.607 ms - 120[0m
[0mGET /habits/dashboard [32m200[0m 10.081 ms - 16581[0m
[0mPOST /habits/create [36m302[0m 7.573 ms - 120[0m
[0mGET /habits/dashboard [36m304[0m 8.687 ms - -[0m
[0mPOST /habits/create [36m302[0m 8.108 ms - 120[0m
[0mGET /habits/dashboard [36m304[0m 9.402 ms - -[0m
[0mGET /habits/dashboard [32m200[0m 10.594 ms - 16264[0m
[0mGET /habits/dashboard [36m304[0m 9.678 ms - -[0m
[0mGET /habits/delete/6218c03d78b2651a9a106586 [36m302[0m 11.737 ms - 78[0m
[0mGET /habits/dashboard [32m200[0m 8.784 ms - 14185[0m
[0mGET /habits/delete/6218c04078b2651a9a106590 [36m302[0m 7.418 ms - 78[0m
[0mGET /habits/dashboard [32m200[0m 7.171 ms - 11831[0m
[0mGET /habits/delete/6218c03778b2651a9a10657c [36m302[0m 6.534 ms - 78[0m
[0mGET /habits/dashboard [32m200[0m 7.091 ms - 9477[0m
[0mGET /habits/delete/6218c03478b2651a9a106572 [36m302[0m 8.305 ms - 78[0m
[0mGET /habits/dashboard [32m200[0m 8.512 ms - 7122[0m
[0mGET /habits/delete/6218c02c78b2651a9a106568 [36m302[0m 6.768 ms - 78[0m
[0mGET /habits/dashboard [32m200[0m 6.188 ms - 4668[0m
[0mPOST /habits/create [36m302[0m 7.728 ms - 120[0m
[0mGET /habits/dashboard [32m200[0m 6.065 ms - 7121[0m
[0mPOST /habits/create [36m302[0m 6.266 ms - 120[0m
[0mGET /habits/dashboard [32m200[0m 7.186 ms - 7162[0m
[0mPOST /habits/create [36m302[0m 8.223 ms - 120[0m
[0mGET /habits/dashboard [32m200[0m 7.016 ms - 9477[0m
[0mPOST /habits/create [36m302[0m 9.848 ms - 120[0m
[0mGET /habits/dashboard [32m200[0m 7.251 ms - 11832[0m
[0mPOST /habits/create [36m302[0m 6.401 ms - 120[0m
[0mGET /habits/dashboard [32m200[0m 7.653 ms - 11872[0m
[0mPOST /habits/create [36m302[0m 8.297 ms - 120[0m
[0mGET /habits/dashboard [32m200[0m 11.712 ms - 14185[0m
[0mPOST /habits/create [36m302[0m 5.828 ms - 120[0m
[0mGET /habits/dashboard [32m200[0m 7.872 ms - 14226[0m
[0mGET /habits/delete/6218c06178b2651a9a1065d3 [36m302[0m 28.709 ms - 78[0m
[0mGET /habits/dashboard [32m200[0m 19.432 ms - 11830[0m
[0mGET /habits/delete/6218c06778b2651a9a1065e3 [36m302[0m 8.852 ms - 78[0m
[0mGET /habits/dashboard [32m200[0m 10.637 ms - 9476[0m
[0mGET /habits/delete/6218c06a78b2651a9a1065ed [36m302[0m 6.968 ms - 78[0m
[0mGET /habits/dashboard [32m200[0m 6.930 ms - 7121[0m
[0mGET /habits/delete/6218c07178b2651a9a1065fd [36m302[0m 6.416 ms - 78[0m
[0mGET /habits/dashboard [32m200[0m 5.310 ms - 4667[0m
[0mPOST /habits/create [36m302[0m 13.488 ms - 120[0m
[0mGET /habits/dashboard [32m200[0m 7.096 ms - 7121[0m
[0mPOST /habits/create [36m302[0m 8.071 ms - 120[0m
[0mGET /habits/dashboard [32m200[0m 7.428 ms - 9475[0m
[0mGET /habits/dashboard [32m200[0m 7.437 ms - 9199[0m
[0mGET /habits/dashboard [36m304[0m 8.250 ms - -[0m
[0mGET /habits/dashboard [36m304[0m 7.706 ms - -[0m
[0mPOST /habits/create [36m302[0m 6.453 ms - 120[0m
[0mGET /habits/dashboard [32m200[0m 9.208 ms - 9516[0m
[0mPOST /habits/create [36m302[0m 7.165 ms - 120[0m
[0mGET /habits/dashboard [36m304[0m 8.455 ms - -[0m
[0mGET /habits/delete/6218c0bada9e62cfa581f91c [36m302[0m 6.301 ms - 78[0m
[0mGET /habits/dashboard [32m200[0m 7.599 ms - 7120[0m
[0mPOST /habits/create [36m302[0m 9.447 ms - 120[0m
[0mGET /habits/dashboard [32m200[0m 7.929 ms - 9475[0m
[0mPOST /habits/create [36m302[0m 12.362 ms - 120[0m
[0mGET /habits/dashboard [32m200[0m 7.949 ms - 11831[0m
[0mPOST /habits/create [36m302[0m 9.839 ms - 120[0m
[0mGET /habits/dashboard [32m200[0m 7.422 ms - 14186[0m
[0mGET /habits/delete/6218c0efda9e62cfa581f942 [36m302[0m 7.419 ms - 78[0m
[0mGET /habits/dashboard [32m200[0m 6.916 ms - 11830[0m
[0mGET /habits/delete/6218c0f5da9e62cfa581f94c [36m302[0m 5.946 ms - 78[0m
[0mGET /habits/dashboard [32m200[0m 7.155 ms - 9476[0m
[0mGET /habits/delete/6218c100da9e62cfa581f956 [36m302[0m 6.028 ms - 78[0m
[0mGET /habits/dashboard [32m200[0m 6.573 ms - 7121[0m
[0mGET /habits/delete/6218c0b6da9e62cfa581f912 [36m302[0m 6.987 ms - 78[0m
[0mGET /habits/dashboard [32m200[0m 6.053 ms - 4667[0m
[0mGET /habits/dashboard [32m200[0m 28.069 ms - 4392[0m
[0mPOST /habits/create [36m302[0m 19.654 ms - 120[0m
[0mGET /habits/dashboard [32m200[0m 11.913 ms - 7121[0m
[0mPOST /habits/create [36m302[0m 8.935 ms - 120[0m
[0mGET /habits/dashboard [32m200[0m 9.541 ms - 7162[0m
[0mGET /habits/dashboard [32m200[0m 5.758 ms - 6845[0m
[0mPOST /habits/create [36m302[0m 9.388 ms - 120[0m
[0mGET /habits/dashboard [32m200[0m 8.121 ms - 9477[0m
[0mPOST /habits/create [36m302[0m 6.887 ms - 120[0m
[0mGET /habits/dashboard [32m200[0m 7.799 ms - 9517[0m
[0mPOST /habits/create [36m302[0m 6.440 ms - 120[0m
[0mGET /habits/dashboard [36m304[0m 8.719 ms - -[0m
[0mPOST /habits/create [36m302[0m 8.923 ms - 120[0m
[0mGET /habits/dashboard [32m200[0m 7.588 ms - 11832[0m
[0mGET /users/sign-out [36m302[0m 3.335 ms - 46[0m
[0mGET / [32m200[0m 3.135 ms - 3996[0m
[0mGET /users/sign-in [32m200[0m 3.797 ms - 4174[0m
[0mPOST /users/create-session [36m302[0m 67.172 ms - 72[0m
[0mGET /users/sign-in [32m200[0m 3.692 ms - 4463[0m
[0mPOST /users/create-session [36m302[0m 67.790 ms - 46[0m
[0mGET / [32m200[0m 4.324 ms - 3966[0m
[0mGET / [31m500[0m 5.833 ms - 2029[0m
[0mGET / [31m500[0m 4.130 ms - 2029[0m
[0mGET / [31m500[0m 4.148 ms - 2064[0m
[0mGET / [31m500[0m 4.783 ms - 2064[0m
[0mGET / [32m200[0m 4.301 ms - 3726[0m
[0mGET /users/sign-out [36m302[0m 3.061 ms - 46[0m
[0mGET / [32m200[0m 2.549 ms - 3996[0m
[0mGET / [32m200[0m 11.465 ms - 3758[0m
[0mGET /users/sign-in [32m200[0m 6.967 ms - 4166[0m
[0mGET /users/sign-in [32m200[0m 3.492 ms - 4166[0m
[0mGET /users/sign-up [32m200[0m 3.285 ms - 4352[0m
[0mGET /users/sign-in [36m304[0m 2.913 ms - -[0m
[0mGET /users/sign-up [36m304[0m 3.712 ms - -[0m
[0mGET /users/sign-up [32m200[0m 3.038 ms - 4365[0m
[0mGET /users/sign-up [32m200[0m 3.124 ms - 4386[0m
[0mGET /users/sign-up [32m200[0m 3.158 ms - 4386[0m
[0mGET /users/sign-up [32m200[0m 2.819 ms - 4386[0m
[0mGET / [32m200[0m 2.361 ms - 3758[0m
[0mGET /favicon.ico [33m404[0m 2.297 ms - 150[0m
[0mGET /users/sign-in [32m200[0m 3.286 ms - 4187[0m
[0mGET /users/sign-up [32m200[0m 3.737 ms - 4386[0m
[0mGET / [36m304[0m 3.122 ms - -[0m
[0mGET /users/sign-in [36m304[0m 3.186 ms - -[0m
[0mGET /users/sign-up [36m304[0m 3.884 ms - -[0m
[0mGET /users/sign-in [36m304[0m 3.023 ms - -[0m
[0mGET /users/sign-in [36m304[0m 3.062 ms - -[0m
[0mGET / [36m304[0m 4.271 ms - -[0m
[0mGET /users/sign-in [36m304[0m 2.890 ms - -[0m
[0mPOST /users/create-session [36m302[0m 77.558 ms - 72[0m
[0mGET /users/sign-in [32m200[0m 3.494 ms - 4476[0m
[0mPOST /users/create-session [36m302[0m 70.836 ms - 46[0m
[0mGET / [32m200[0m 6.373 ms - 3966[0m
[0mGET /habits/dashboard [32m200[0m 16.569 ms - 11568[0m
[0mPOST /habits/create [0m-[0m - ms - -[0m
[0mPOST /habits/create [36m302[0m 6.265 ms - 120[0m
[0mGET /habits/dashboard [32m200[0m 9.541 ms - 11885[0m
[0mPOST /habits/create [36m302[0m 5.871 ms - 120[0m
[0mGET /habits/dashboard [36m304[0m 8.743 ms - -[0m
[0mGET /habits/delete/6218c20329359de90caca7be [36m302[0m 11.560 ms - 78[0m
[0mGET /habits/dashboard [32m200[0m 8.014 ms - 9489[0m
[0mGET /habits/dashboard [32m200[0m 8.105 ms - 9203[0m
[0mGET /habits/dashboard [36m304[0m 8.692 ms - -[0m
[0mGET /habits/dashboard [36m304[0m 8.435 ms - -[0m
[0mGET /habits/dashboard-weekly [32m200[0m 9.169 ms - 10614[0m
[0mGET /habits/dashboard-weekly [32m200[0m 9.021 ms - 10411[0m
[0mGET / [32m200[0m 4.658 ms - 3523[0m
[0mGET / [32m200[0m 6.109 ms - 3551[0m
[0mGET / [36m304[0m 4.296 ms - -[0m
[0mGET / [32m200[0m 4.835 ms - 3553[0m
[0mGET / [32m200[0m 5.254 ms - 3578[0m
[0mGET / [36m304[0m 4.239 ms - -[0m
[0mGET / [36m304[0m 4.387 ms - -[0m
[0mGET / [32m200[0m 4.886 ms - 3578[0m
[0mGET / [32m200[0m 4.273 ms - 3578[0m
[0mGET / [36m304[0m 4.301 ms - -[0m
[0mGET / [32m200[0m 4.601 ms - 3578[0m
[0mGET / [36m304[0m 5.034 ms - -[0m
[0mGET / [36m304[0m 3.918 ms - -[0m
[0mGET / [36m304[0m 3.759 ms - -[0m
[0mGET / [36m304[0m 4.011 ms - -[0m
[0mGET / [36m304[0m 4.009 ms - -[0m
[0mGET / [36m304[0m 4.353 ms - -[0m
[0mGET / [36m304[0m 3.759 ms - -[0m
[0mGET / [36m304[0m 4.364 ms - -[0m
[0mGET / [36m304[0m 3.892 ms - -[0m
[0mGET / [36m304[0m 3.928 ms - -[0m
[0mGET / [36m304[0m 4.516 ms - -[0m
[0mGET / [32m200[0m 4.586 ms - 3580[0m
[0mGET / [32m200[0m 4.751 ms - 3578[0m
[0mGET / [32m200[0m 4.173 ms - 3578[0m
[0mGET / [36m304[0m 4.678 ms - -[0m
[0mGET / [32m200[0m 3.794 ms - 3578[0m
[0mGET / [36m304[0m 4.589 ms - -[0m
[0mGET / [32m200[0m 4.489 ms - 3578[0m
[0mGET / [32m200[0m 4.624 ms - 3576[0m
[0mGET / [36m304[0m 3.863 ms - -[0m
[0mGET / [36m304[0m 4.066 ms - -[0m
[0mGET / [32m200[0m 4.711 ms - 3578[0m
[0mGET / [32m200[0m 5.198 ms - 3311[0m
[0mGET /users/sign-out [36m302[0m 3.159 ms - 46[0m
[0mGET / [32m200[0m 2.656 ms - 3828[0m
[0mGET /users/sign-in [32m200[0m 3.202 ms - 3964[0m
[0mGET /users/auth/google [36m302[0m 3.548 ms - 0[0m
[0mGET /users/auth/google/callback?code=4%2F0AX4XfWgiygPRKRM43Z-mg8_RDXhFCJ8-yE_LFJrwKq-AwuQRaEkjXJnHmq7lYHRoJMx93g&scope=email+profile+https%3A%2F%2Fwww.googleapis.com%2Fauth%2Fuserinfo.profile+https%3A%2F%2Fwww.googleapis.com%2Fauth%2Fuserinfo.email+openid&authuser=0&prompt=consent [36m302[0m 499.307 ms - 46[0m
[0mGET / [32m200[0m 3.492 ms - 3557[0m
[0mGET /users/sign-out [36m302[0m 3.005 ms - 46[0m
[0mGET / [32m200[0m 2.538 ms - 3828[0m
[0mGET /users/sign-up [32m200[0m 2.567 ms - 4163[0m
[0mGET / [32m200[0m 12.401 ms - 3590[0m
[0mGET /favicon.ico [33m404[0m 4.160 ms - 150[0m
[0mGET /users/sign-in [36m304[0m 5.432 ms - -[0m
[0mPOST /users/create-session [36m302[0m 72.955 ms - 46[0m
[0mGET / [32m200[0m 4.746 ms - 3551[0m
[0mGET /habits/dashboard [32m200[0m 17.217 ms - 8733[0m
[0mGET /habits/dashboard-weekly [32m200[0m 14.765 ms - 10144[0m
[0mGET /habits/dashboard [36m304[0m 8.827 ms - -[0m
[0mGET /habits/update/6218c24529359de90caca7d1/0/Done [36m302[0m 6.660 ms - 92[0m
[0mGET /habits/dashboard-weekly [32m200[0m 8.426 ms - 10499[0m
[0mGET /habits/dashboard [32m200[0m 32.625 ms - 8785[0m
[0mGET /habits/dashboard-weekly [32m200[0m 15.370 ms - 10225[0m
[0mGET /habits/dashboard-weekly [36m304[0m 9.767 ms - -[0m
[0mGET /habits/dashboard-weekly [32m200[0m 34.957 ms - 10225[0m
[0mGET /habits/dashboard-weekly [32m200[0m 32.546 ms - 10221[0m
[0mGET / [32m200[0m 9.928 ms - 3590[0m
[0mGET /users/sign-in [32m200[0m 6.025 ms - 3964[0m
[0mGET / [32m200[0m 2.399 ms - 3590[0m
[0mGET /favicon.ico [33m404[0m 2.231 ms - 150[0m
[0mGET /users/sign-in [36m304[0m 3.491 ms - -[0m
[0mPOST /users/create-session [36m302[0m 72.208 ms - 46[0m
[0mGET / [32m200[0m 4.770 ms - 3551[0m
[0mGET /habits/dashboard [36m304[0m 16.826 ms - -[0m
[0mGET /habits/dashboard-weekly [32m200[0m 15.158 ms - 10139[0m
[0mGET /habits/dashboard-weekly [32m200[0m 27.978 ms - 10144[0m
[0mGET /users/sign-out [36m302[0m 6.689 ms - 46[0m
[0mGET / [32m200[0m 4.363 ms - 3828[0m
[0mGET /users/sign-in [36m304[0m 3.446 ms - -[0m
[0mGET /users/auth/google [36m302[0m 2.700 ms - 0[0m
[0mGET /users/auth/google/callback?code=4%2F0AX4XfWgEEK46EEUGdirc3c4naZiWU-8vr5fs4PQvPP2yBgq2A6WkLqz3upYcEohDjKd7Vw&scope=email+profile+https%3A%2F%2Fwww.googleapis.com%2Fauth%2Fuserinfo.email+openid+https%3A%2F%2Fwww.googleapis.com%2Fauth%2Fuserinfo.profile&authuser=0&prompt=none [36m302[0m 488.256 ms - 46[0m
[0mGET / [32m200[0m 5.039 ms - 3557[0m
[0mGET /habits/dashboard [32m200[0m 7.565 ms - 3924[0m
[0mGET /habits/dashboard-weekly [32m200[0m 8.452 ms - 4010[0m
[0mGET /habits/dashboard [36m304[0m 7.611 ms - -[0m
[0mGET /habits/dashboard [36m304[0m 6.229 ms - -[0m
[0mPOST /habits/create [36m302[0m 13.208 ms - 120[0m
[0mGET /habits/dashboard [32m200[0m 7.621 ms - 6655[0m
[0mGET /habits/update/621a752ee24a6cb607cd0be4/0/Done [36m302[0m 5.162 ms - 92[0m
[0mGET /habits/dashboard-weekly [32m200[0m 7.438 ms - 7432[0m
[0mGET /users/sign-out [36m302[0m 3.128 ms - 46[0m
[0mGET / [32m200[0m 3.540 ms - 3828[0m
[0mGET / [32m200[0m 3.169 ms - 3590[0m
[0mGET /favicon.ico [33m404[0m 1.898 ms - 150[0m
[0mGET /users/sign-in [36m304[0m 3.893 ms - -[0m
[0mGET /users/auth/google [36m302[0m 1.842 ms - 0[0m
[0mGET /users/auth/google/callback?code=4%2F0AX4XfWjvwMHKsNCJ5Yd4B6A0_MdNEMerHjdnj4QLwKBVUpPYbrEcmFEavC6lYSb_hP4llQ&scope=email+profile+openid+https%3A%2F%2Fwww.googleapis.com%2Fauth%2Fuserinfo.profile+https%3A%2F%2Fwww.googleapis.com%2Fauth%2Fuserinfo.email&authuser=0&prompt=none [36m302[0m 363.176 ms - 46[0m
[0mGET / [32m200[0m 3.710 ms - 3557[0m
[0mGET /habits/dashboard [32m200[0m 7.537 ms - 6430[0m
[0mGET /habits/dashboard-weekly [32m200[0m 7.863 ms - 7158[0m
[0mGET /habits/dashboard-weekly [0m-[0m - ms - -[0m
[0mGET /habits/dashboard-weekly [0m-[0m - ms - -[0m
[0mGET / [32m200[0m 22.821 ms - 3317[0m
[0mGET /habits/dashboard [36m304[0m 16.853 ms - -[0m
[0mGET /habits/dashboard-weekly [0m-[0m - ms - -[0m
[0mGET /habits/dashboard-weekly [0m-[0m - ms - -[0m
[0mGET /habits/dashboard-weekly [0m-[0m - ms - -[0m
[0mGET /habits/dashboard-weekly [32m200[0m 32.958 ms - 7158[0m
[0mGET /habits/dashboard-weekly [0m-[0m - ms - -[0m
[0mGET /habits/dashboard [36m304[0m 21.453 ms - -[0m
[0mGET /habits/dashboard-weekly [0m-[0m - ms - -[0m
[0mGET /habits/dashboard [36m304[0m 21.072 ms - -[0m
[0mGET /habits/dashboard-weekly [32m200[0m 34.264 ms - 7158[0m
[0mGET /habits/dashboard-weekly [32m200[0m 32.870 ms - 7158[0m
[0mGET /habits/dashboard-weekly [36m304[0m 34.339 ms - -[0m
[0mGET /habits/dashboard-weekly [36m304[0m 10.718 ms - -[0m
[0mGET /habits/dashboard-weekly [36m304[0m 8.775 ms - -[0m
[0mGET /habits/dashboard-weekly [36m304[0m 8.432 ms - -[0m
[0mGET /habits/dashboard-weekly [36m304[0m 7.868 ms - -[0m
[0mGET /habits/dashboard-weekly [36m304[0m 7.735 ms - -[0m
[0mGET /habits/dashboard-weekly [36m304[0m 7.937 ms - -[0m
[0mGET /habits/dashboard-weekly [36m304[0m 13.714 ms - -[0m
[0mGET /habits/dashboard-weekly [36m304[0m 8.743 ms - -[0m
[0mGET /habits/dashboard-weekly [36m304[0m 8.322 ms - -[0m
[0mGET /habits/dashboard-weekly [36m304[0m 33.315 ms - -[0m
[0mGET /habits/dashboard-weekly [36m304[0m 10.990 ms - -[0m
[0mGET /habits/dashboard-weekly [36m304[0m 8.956 ms - -[0m
[0mGET /habits/dashboard-weekly [36m304[0m 8.313 ms - -[0m
[0mGET /habits/dashboard-weekly [36m304[0m 8.119 ms - -[0m
[0mGET /habits/dashboard-weekly [36m304[0m 8.074 ms - -[0m
[0mGET /habits/dashboard-weekly [36m304[0m 7.788 ms - -[0m
[0mGET /habits/dashboard-weekly [32m200[0m 33.586 ms - 7158[0m
[0mGET /habits/dashboard [36m304[0m 10.193 ms - -[0m
[0mGET /habits/update/621a752ee24a6cb607cd0be4/0/Not%20Done [36m302[0m 9.671 ms - 92[0m
[0mGET /habits/dashboard-weekly [32m200[0m 9.301 ms - 7413[0m
[0mGET / [32m200[0m 12.221 ms - 3590[0m
[0mGET /favicon.ico [33m404[0m 20.751 ms - 150[0m
[0mGET /users/sign-in [36m304[0m 4.803 ms - -[0m
[0mPOST /users/create-session [36m302[0m 74.257 ms - 46[0m
[0mGET / [32m200[0m 4.401 ms - 3551[0m
[0mGET /habits/dashboard [32m200[0m 17.985 ms - 8733[0m
[0mGET /habits/update/6218c24529359de90caca7d1/0/Done [36m302[0m 7.849 ms - 92[0m
[0mGET /habits/dashboard-weekly [32m200[0m 12.366 ms - 29030[0m
[0mGET /habits/update/6218c24529359de90caca7d1/1/Done [36m302[0m 5.025 ms - 92[0m
[0mGET /habits/dashboard-weekly [32m200[0m 9.917 ms - 29106[0m
[0mGET /habits/update/6218c24529359de90caca7d1/2/Done [36m302[0m 4.799 ms - 92[0m
[0mGET /habits/dashboard-weekly [32m200[0m 8.863 ms - 29182[0m
[0mGET /habits/update/6218c24529359de90caca7d1/3/Not%20Done [36m302[0m 4.591 ms - 92[0m
[0mGET /habits/dashboard-weekly [32m200[0m 9.316 ms - 29243[0m
[0mGET /habits/update/6218c24529359de90caca7d1/4/Done [36m302[0m 5.021 ms - 92[0m
[0mGET /habits/dashboard-weekly [32m200[0m 9.531 ms - 29337[0m
[0mGET /habits/update/6218c24529359de90caca7d1/5/Not%20Done [36m302[0m 4.811 ms - 92[0m
[0mGET /habits/dashboard-weekly [32m200[0m 9.295 ms - 29398[0m
[0mGET /habits/update/6218c24529359de90caca7d1/6/None [36m302[0m 5.247 ms - 92[0m
[0mGET /habits/dashboard-weekly [32m200[0m 9.186 ms - 29408[0m
[0mGET /habits/dashboard [32m200[0m 9.533 ms - 8785[0m
[0mGET /habits/dashboard-weekly [32m200[0m 33.614 ms - 29142[0m
[0mGET /habits/dashboard-weekly [36m304[0m 13.863 ms - -[0m
[0mGET /habits/update/6218c25229359de90caca7e7/0/Done [36m302[0m 9.475 ms - 92[0m
[0mGET /habits/dashboard-weekly [32m200[0m 10.054 ms - 29488[0m
[0mGET /habits/update/6218c25229359de90caca7e7/1/Done [36m302[0m 6.057 ms - 92[0m
[0mGET /habits/dashboard-weekly [32m200[0m 9.560 ms - 29564[0m
[0mGET /habits/update/6218c25229359de90caca7e7/2/Not%20Done [36m302[0m 5.229 ms - 92[0m
[0mGET /habits/dashboard-weekly [32m200[0m 8.786 ms - 29654[0m
[0mGET /habits/update/6218c25229359de90caca7e7/3/Done [36m302[0m 5.122 ms - 92[0m
[0mGET /habits/dashboard-weekly [32m200[0m 9.523 ms - 29719[0m
[0mGET /habits/update/6218c25229359de90caca7e7/4/Not%20Done [36m302[0m 5.287 ms - 92[0m
[0mGET /habits/dashboard-weekly [32m200[0m 9.285 ms - 29809[0m
[0mGET /habits/update/6218c25229359de90caca7e7/5/Done [36m302[0m 4.971 ms - 92[0m
[0mGET /habits/dashboard-weekly [32m200[0m 8.786 ms - 29874[0m
[0mGET /habits/update/6218c25229359de90caca7e7/6/Done [36m302[0m 5.176 ms - 92[0m
[0mGET /habits/dashboard-weekly [32m200[0m 10.227 ms - 29950[0m
[0mGET /habits/update/6218c24529359de90caca7d1/0/Not%20Done [31m500[0m 17.840 ms - 1532[0m
[0mGET /habits/update/6218c24529359de90caca7d1/0/Not%20Done [31m500[0m 5.845 ms - 1532[0m
[0mGET /habits/update/6218c24529359de90caca7d1/0/Not%20Done [31m500[0m 17.628 ms - 1532[0m
[0mGET /habits/update/6218c24529359de90caca7d1/0/Not%20Done [31m500[0m 4.678 ms - 1532[0m
[0mGET /habits/update/6218c24529359de90caca7d1/0/Not%20Done [31m500[0m 3.814 ms - 1532[0m
[0mGET /habits/update/6218c24529359de90caca7d1/0/Not%20Done [31m500[0m 4.028 ms - 1532[0m
[0mGET /habits/dashboard-weekly [32m200[0m 20.457 ms - 29680[0m
[0mGET /habits/update/6218c24529359de90caca7d1/0/Not%20Done [31m500[0m 4.779 ms - 1532[0m
[0mGET /habits/update/6218c24529359de90caca7d1/0/Not%20Done [36m302[0m 23.335 ms - 92[0m
[0mGET /habits/dashboard-weekly [32m200[0m 20.794 ms - 29964[0m
[0mGET /habits/update/6218c25229359de90caca7e7/0/Done [36m302[0m 23.547 ms - 92[0m
[0mGET /habits/dashboard-weekly [32m200[0m 21.986 ms - 29953[0m
[0mGET /habits/update/6218c25229359de90caca7e7/0/Done [36m302[0m 6.175 ms - 92[0m
[0mGET /habits/dashboard-weekly [36m304[0m 10.995 ms - -[0m
[0mGET /habits/dashboard-weekly [32m200[0m 36.201 ms - 29683[0m
[0mGET /habits/update/6218c25229359de90caca7e7/0/Not%20Done [36m302[0m 22.775 ms - 92[0m
[0mGET /habits/dashboard-weekly [32m200[0m 21.325 ms - 29967[0m
[0mGET /habits/update/6218c24529359de90caca7d1/1/Done [36m302[0m 5.709 ms - 92[0m
[0mGET /habits/dashboard-weekly [32m200[0m 10.154 ms - 29956[0m
[0mGET /habits/update/6218c24529359de90caca7d1/0/Not%20Done [36m302[0m 6.790 ms - 92[0m
[0mGET /habits/dashboard-weekly [32m200[0m 11.667 ms - 29967[0m
[0mGET /habits/dashboard-weekly [32m200[0m 34.461 ms - 29686[0m
[0mGET /habits/update/6218c24529359de90caca7d1/0/Not%20Done [36m302[0m 21.859 ms - 92[0m
[0mGET /habits/dashboard-weekly [32m200[0m 13.423 ms - 29967[0m
[0mGET /habits/update/6218c24529359de90caca7d1/1/Not%20Done [36m302[0m 12.321 ms - 92[0m
[0mGET /habits/dashboard-weekly [32m200[0m 11.403 ms - 29970[0m
[0mGET /habits/dashboard-weekly [32m200[0m 33.849 ms - 29689[0m
[0mGET /habits/update/6218c24529359de90caca7d1/1/Not%20Done [36m302[0m 10.777 ms - 92[0m
[0mGET /habits/dashboard-weekly [32m200[0m 10.571 ms - 29970[0m
[0mGET /habits/update/6218c25229359de90caca7e7/1/Not%20Done [36m302[0m 24.030 ms - 92[0m
[0mGET /habits/dashboard-weekly [32m200[0m 21.581 ms - 29973[0m
[0mGET /habits/dashboard-weekly [32m200[0m 33.956 ms - 29692[0m
[0mGET /habits/update/6218c24529359de90caca7d1/3/Not%20Done [36m302[0m 11.869 ms - 92[0m
[0mGET /habits/dashboard-weekly [32m200[0m 10.436 ms - 29973[0m
[0mGET /habits/dashboard-weekly [32m200[0m 34.359 ms - 29692[0m
[0mGET /habits/update/6218c24529359de90caca7d1/1/Done [36m302[0m 18.793 ms - 92[0m
[0mGET /habits/dashboard-weekly [32m200[0m 11.901 ms - 29959[0m
[0mGET /habits/dashboard-weekly [32m200[0m 34.511 ms - 29689[0m
[0mGET /habits/update/6218c24529359de90caca7d1/1/Not%20Done [36m302[0m 36.639 ms - 92[0m
[0mGET /habits/dashboard-weekly [32m200[0m 17.231 ms - 29973[0m
[0mGET /habits/dashboard-weekly [32m200[0m 10.669 ms - 29692[0m
[0mGET /habits/update/6218c24529359de90caca7d1/1/Done [36m302[0m 9.254 ms - 92[0m
[0mGET /habits/dashboard-weekly [32m200[0m 9.455 ms - 29959[0m
[0mGET /habits/dashboard-weekly [32m200[0m 34.816 ms - 29689[0m
[0mGET /habits/update/6218c24529359de90caca7d1/1/Done [36m302[0m 18.248 ms - 92[0m
[0mGET /habits/dashboard-weekly [32m200[0m 10.075 ms - 29959[0m
[0mGET /habits/update/6218c24529359de90caca7d1/2/Not%20Done [36m302[0m 33.168 ms - 92[0m
[0mGET /habits/dashboard-weekly [32m200[0m 14.542 ms - 29973[0m
[0mGET /habits/dashboard-weekly [32m200[0m 33.989 ms - 29692[0m
[0mGET /habits/update/6218c24529359de90caca7d1/1/Not%20Done [36m302[0m 16.213 ms - 92[0m
[0mGET /habits/dashboard-weekly [32m200[0m 10.414 ms - 29976[0m
[0mGET /habits/update/6218c25229359de90caca7e7/2/Done [36m302[0m 28.217 ms - 92[0m
[0mGET /habits/dashboard-weekly [32m200[0m 18.887 ms - 29962[0m
[0mGET /habits/dashboard-weekly [32m200[0m 34.814 ms - 29692[0m
[0mGET /habits/update/6218c25229359de90caca7e7/2/Done [36m302[0m 15.299 ms - 92[0m
[0mGET /habits/dashboard-weekly [32m200[0m 10.595 ms - 29962[0m
[0mGET /habits/dashboard-weekly [32m200[0m 35.484 ms - 29692[0m
[0mGET /habits/update/6218c25229359de90caca7e7/3/Not%20Done [36m302[0m 11.943 ms - 92[0m
[0mGET /habits/dashboard-weekly [32m200[0m 9.922 ms - 29976[0m
[0mGET /habits/update/6218c25229359de90caca7e7/5/Not%20Done [36m302[0m 6.706 ms - 92[0m
[0mGET /habits/dashboard-weekly [32m200[0m 9.491 ms - 29979[0m
[0mGET /habits/dashboard-weekly [32m200[0m 35.428 ms - 29698[0m
[0mGET /habits/update/6218c24529359de90caca7d1/1/Done [36m302[0m 11.064 ms - 92[0m
[0mGET /habits/dashboard-weekly [32m200[0m 11.298 ms - 29971[0m
[0mGET /habits/update/6218c24529359de90caca7d1/2/Not%20Done [36m302[0m 8.581 ms - 92[0m
[0mGET /habits/dashboard-weekly [32m200[0m 12.778 ms - 29976[0m
[0mGET /habits/dashboard [32m200[0m 9.782 ms - 8843[0m
[0mGET /habits/dashboard [31m500[0m 9.080 ms - 2232[0m
[0mGET /habits/dashboard [31m500[0m 31.123 ms - 2228[0m
[0mGET /habits/dashboard [31m500[0m 11.832 ms - 2228[0m
[0mGET /habits/dashboard [32m200[0m 31.437 ms - 8662[0m
[0mGET /habits/dashboard-weekly [32m200[0m 13.091 ms - 29695[0m
[0mGET /habits/dashboard [36m304[0m 9.369 ms - -[0m
[0mGET /habits/dashboard-weekly [36m304[0m 11.099 ms - -[0m
[0mGET /habits/update/6218c24529359de90caca7d1/0/Done [36m302[0m 9.236 ms - 92[0m
[0mGET /habits/dashboard-weekly [32m200[0m 12.555 ms - 29968[0m
[0mGET /habits/dashboard [32m200[0m 8.799 ms - 8659[0m
